<?xml version="1.0" encoding="UTF-8"?>
<!-- Generated by org.testng.reporters.JUnitReportReporter -->
<testsuite hostname="LAPTOP-T6DJMNG3" name="testcases.AdvancedTimeFilter" tests="1" failures="0" timestamp="10 Jul 2019 05:56:46 GMT" time="14.692" errors="0">
  <testcase name="AdvancedTime" time="14.692" classname="testcases.AdvancedTimeFilter"/>
</testsuite> <!-- testcases.AdvancedTimeFilter -->
