<?xml version="1.0" encoding="UTF-8"?>
<!-- Generated by org.testng.reporters.JUnitReportReporter -->
<testsuite hostname="LAPTOP-T6DJMNG3" name="testcases.TimeFilter" tests="1" failures="0" timestamp="9 Jul 2019 09:48:28 GMT" time="21.782" errors="0">
  <testcase name="timeFilter" time="21.782" classname="testcases.TimeFilter"/>
</testsuite> <!-- testcases.TimeFilter -->
