<?xml version="1.0" encoding="UTF-8"?>
<!-- Generated by org.testng.reporters.JUnitReportReporter -->
<testsuite hostname="LAPTOP-T6DJMNG3" name="testcases.OpenFilter" tests="1" failures="0" timestamp="9 Jul 2019 12:34:54 GMT" time="9.946" errors="0">
  <testcase name="openfilter" time="9.946" classname="testcases.OpenFilter"/>
</testsuite> <!-- testcases.OpenFilter -->
